{"/Users/adglory/Documents/personal projects/BE-enhanced-ad-booking/booking-balancing.js": {"path":"/Users/adglory/Documents/personal projects/BE-enhanced-ad-booking/booking-balancing.js","all":false,"statementMap":{"0":{"start":{"line":1,"column":0},"end":{"line":1,"column":31}},"1":{"start":{"line":2,"column":0},"end":{"line":2,"column":16}},"2":{"start":{"line":3,"column":0},"end":{"line":3,"column":30}},"3":{"start":{"line":4,"column":0},"end":{"line":4,"column":2}},"4":{"start":{"line":5,"column":0},"end":{"line":5,"column":0}},"5":{"start":{"line":6,"column":0},"end":{"line":6,"column":44}},"6":{"start":{"line":7,"column":0},"end":{"line":7,"column":52}},"7":{"start":{"line":8,"column":0},"end":{"line":8,"column":36}},"8":{"start":{"line":9,"column":0},"end":{"line":9,"column":53}},"9":{"start":{"line":10,"column":0},"end":{"line":10,"column":0}},"10":{"start":{"line":11,"column":0},"end":{"line":11,"column":31}},"11":{"start":{"line":12,"column":0},"end":{"line":12,"column":32}},"12":{"start":{"line":13,"column":0},"end":{"line":13,"column":23}},"13":{"start":{"line":14,"column":0},"end":{"line":14,"column":41}},"14":{"start":{"line":15,"column":0},"end":{"line":15,"column":25}},"15":{"start":{"line":16,"column":0},"end":{"line":16,"column":48}},"16":{"start":{"line":17,"column":0},"end":{"line":17,"column":31}},"17":{"start":{"line":18,"column":0},"end":{"line":18,"column":6}},"18":{"start":{"line":19,"column":0},"end":{"line":19,"column":5}},"19":{"start":{"line":20,"column":0},"end":{"line":20,"column":0}},"20":{"start":{"line":21,"column":0},"end":{"line":21,"column":68}},"21":{"start":{"line":22,"column":0},"end":{"line":22,"column":32}},"22":{"start":{"line":23,"column":0},"end":{"line":23,"column":3}},"23":{"start":{"line":24,"column":0},"end":{"line":24,"column":0}},"24":{"start":{"line":25,"column":0},"end":{"line":25,"column":52}},"25":{"start":{"line":26,"column":0},"end":{"line":26,"column":38}},"26":{"start":{"line":27,"column":0},"end":{"line":27,"column":31}},"27":{"start":{"line":28,"column":0},"end":{"line":28,"column":43}},"28":{"start":{"line":29,"column":0},"end":{"line":29,"column":62}},"29":{"start":{"line":30,"column":0},"end":{"line":30,"column":41}},"30":{"start":{"line":31,"column":0},"end":{"line":31,"column":0}},"31":{"start":{"line":32,"column":0},"end":{"line":32,"column":32}},"32":{"start":{"line":33,"column":0},"end":{"line":33,"column":42}},"33":{"start":{"line":34,"column":0},"end":{"line":34,"column":43}},"34":{"start":{"line":35,"column":0},"end":{"line":35,"column":94}},"35":{"start":{"line":36,"column":0},"end":{"line":36,"column":5}},"36":{"start":{"line":37,"column":0},"end":{"line":37,"column":0}},"37":{"start":{"line":38,"column":0},"end":{"line":38,"column":17}},"38":{"start":{"line":39,"column":0},"end":{"line":39,"column":3}},"39":{"start":{"line":40,"column":0},"end":{"line":40,"column":0}},"40":{"start":{"line":41,"column":0},"end":{"line":41,"column":36}},"41":{"start":{"line":42,"column":0},"end":{"line":42,"column":33}},"42":{"start":{"line":43,"column":0},"end":{"line":43,"column":31}},"43":{"start":{"line":44,"column":0},"end":{"line":44,"column":0}},"44":{"start":{"line":45,"column":0},"end":{"line":45,"column":31}},"45":{"start":{"line":46,"column":0},"end":{"line":46,"column":54}},"46":{"start":{"line":47,"column":0},"end":{"line":47,"column":96}},"47":{"start":{"line":48,"column":0},"end":{"line":48,"column":5}},"48":{"start":{"line":49,"column":0},"end":{"line":49,"column":0}},"49":{"start":{"line":50,"column":0},"end":{"line":50,"column":72}},"50":{"start":{"line":51,"column":0},"end":{"line":51,"column":63}},"51":{"start":{"line":52,"column":0},"end":{"line":52,"column":63}},"52":{"start":{"line":53,"column":0},"end":{"line":53,"column":0}},"53":{"start":{"line":54,"column":0},"end":{"line":54,"column":56}},"54":{"start":{"line":55,"column":0},"end":{"line":55,"column":78}},"55":{"start":{"line":56,"column":0},"end":{"line":56,"column":68}},"56":{"start":{"line":57,"column":0},"end":{"line":57,"column":18}},"57":{"start":{"line":58,"column":0},"end":{"line":58,"column":3}},"58":{"start":{"line":59,"column":0},"end":{"line":59,"column":0}},"59":{"start":{"line":60,"column":0},"end":{"line":60,"column":71}},"60":{"start":{"line":61,"column":0},"end":{"line":61,"column":150}},"61":{"start":{"line":62,"column":0},"end":{"line":62,"column":67}},"62":{"start":{"line":63,"column":0},"end":{"line":63,"column":18}},"63":{"start":{"line":64,"column":0},"end":{"line":64,"column":3}},"64":{"start":{"line":65,"column":0},"end":{"line":65,"column":0}},"65":{"start":{"line":66,"column":0},"end":{"line":66,"column":78}},"66":{"start":{"line":67,"column":0},"end":{"line":67,"column":97}},"67":{"start":{"line":68,"column":0},"end":{"line":68,"column":84}},"68":{"start":{"line":69,"column":0},"end":{"line":69,"column":0}},"69":{"start":{"line":70,"column":0},"end":{"line":70,"column":36}},"70":{"start":{"line":71,"column":0},"end":{"line":71,"column":41}},"71":{"start":{"line":72,"column":0},"end":{"line":72,"column":89}},"72":{"start":{"line":73,"column":0},"end":{"line":73,"column":6}},"73":{"start":{"line":74,"column":0},"end":{"line":74,"column":0}},"74":{"start":{"line":75,"column":0},"end":{"line":75,"column":25}},"75":{"start":{"line":76,"column":0},"end":{"line":76,"column":32}},"76":{"start":{"line":77,"column":0},"end":{"line":77,"column":52}},"77":{"start":{"line":78,"column":0},"end":{"line":78,"column":31}},"78":{"start":{"line":79,"column":0},"end":{"line":79,"column":6}},"79":{"start":{"line":80,"column":0},"end":{"line":80,"column":0}},"80":{"start":{"line":81,"column":0},"end":{"line":81,"column":18}},"81":{"start":{"line":82,"column":0},"end":{"line":82,"column":3}},"82":{"start":{"line":83,"column":0},"end":{"line":83,"column":0}},"83":{"start":{"line":84,"column":0},"end":{"line":84,"column":47}},"84":{"start":{"line":85,"column":0},"end":{"line":85,"column":17}},"85":{"start":{"line":86,"column":0},"end":{"line":86,"column":3}},"86":{"start":{"line":87,"column":0},"end":{"line":87,"column":1}}},"s":{"0":1,"1":7,"2":7,"3":7,"4":7,"5":7,"6":7,"7":1,"8":1,"9":1,"10":1,"11":3,"12":3,"13":3,"14":3,"15":3,"16":3,"17":3,"18":1,"19":1,"20":1,"21":1,"22":7,"23":7,"24":7,"25":7,"26":1,"27":2,"28":2,"29":2,"30":2,"31":2,"32":2,"33":2,"34":2,"35":1,"36":1,"37":1,"38":7,"39":7,"40":7,"41":7,"42":5,"43":5,"44":5,"45":10,"46":10,"47":5,"48":5,"49":5,"50":5,"51":5,"52":5,"53":5,"54":5,"55":1,"56":1,"57":1,"58":4,"59":4,"60":5,"61":2,"62":2,"63":2,"64":2,"65":2,"66":2,"67":2,"68":2,"69":5,"70":1,"71":1,"72":1,"73":1,"74":1,"75":1,"76":2,"77":2,"78":1,"79":1,"80":1,"81":1,"82":1,"83":1,"84":1,"85":7,"86":7},"branchMap":{"0":{"type":"branch","line":1,"loc":{"start":{"line":1,"column":7},"end":{"line":87,"column":1}},"locations":[{"start":{"line":1,"column":7},"end":{"line":87,"column":1}}]},"1":{"type":"branch","line":2,"loc":{"start":{"line":2,"column":1},"end":{"line":4,"column":2}},"locations":[{"start":{"line":2,"column":1},"end":{"line":4,"column":2}}]},"2":{"type":"branch","line":7,"loc":{"start":{"line":7,"column":30},"end":{"line":23,"column":2}},"locations":[{"start":{"line":7,"column":30},"end":{"line":23,"column":2}}]},"3":{"type":"branch","line":11,"loc":{"start":{"line":11,"column":19},"end":{"line":19,"column":3}},"locations":[{"start":{"line":11,"column":19},"end":{"line":19,"column":3}}]},"4":{"type":"branch","line":26,"loc":{"start":{"line":26,"column":25},"end":{"line":39,"column":2}},"locations":[{"start":{"line":26,"column":25},"end":{"line":39,"column":2}}]},"5":{"type":"branch","line":27,"loc":{"start":{"line":27,"column":19},"end":{"line":36,"column":3}},"locations":[{"start":{"line":27,"column":19},"end":{"line":36,"column":3}}]},"6":{"type":"branch","line":42,"loc":{"start":{"line":42,"column":20},"end":{"line":86,"column":2}},"locations":[{"start":{"line":42,"column":20},"end":{"line":86,"column":2}}]},"7":{"type":"branch","line":55,"loc":{"start":{"line":55,"column":77},"end":{"line":58,"column":3}},"locations":[{"start":{"line":55,"column":77},"end":{"line":58,"column":3}}]},"8":{"type":"branch","line":58,"loc":{"start":{"line":58,"column":2},"end":{"line":61,"column":147}},"locations":[{"start":{"line":58,"column":2},"end":{"line":61,"column":147}}]},"9":{"type":"branch","line":61,"loc":{"start":{"line":61,"column":149},"end":{"line":70,"column":35}},"locations":[{"start":{"line":61,"column":149},"end":{"line":70,"column":35}}]},"10":{"type":"branch","line":70,"loc":{"start":{"line":70,"column":35},"end":{"line":86,"column":2}},"locations":[{"start":{"line":70,"column":35},"end":{"line":86,"column":2}}]},"11":{"type":"branch","line":45,"loc":{"start":{"line":45,"column":19},"end":{"line":48,"column":3}},"locations":[{"start":{"line":45,"column":19},"end":{"line":48,"column":3}}]},"12":{"type":"branch","line":55,"loc":{"start":{"line":55,"column":21},"end":{"line":55,"column":74}},"locations":[{"start":{"line":55,"column":21},"end":{"line":55,"column":74}}]},"13":{"type":"branch","line":61,"loc":{"start":{"line":61,"column":21},"end":{"line":61,"column":73}},"locations":[{"start":{"line":61,"column":21},"end":{"line":61,"column":73}}]},"14":{"type":"branch","line":61,"loc":{"start":{"line":61,"column":93},"end":{"line":61,"column":146}},"locations":[{"start":{"line":61,"column":93},"end":{"line":61,"column":146}}]},"15":{"type":"branch","line":67,"loc":{"start":{"line":67,"column":43},"end":{"line":67,"column":95}},"locations":[{"start":{"line":67,"column":43},"end":{"line":67,"column":95}}]},"16":{"type":"branch","line":71,"loc":{"start":{"line":71,"column":29},"end":{"line":73,"column":4}},"locations":[{"start":{"line":71,"column":29},"end":{"line":73,"column":4}}]},"17":{"type":"branch","line":76,"loc":{"start":{"line":76,"column":20},"end":{"line":79,"column":4}},"locations":[{"start":{"line":76,"column":20},"end":{"line":79,"column":4}}]}},"b":{"0":[7],"1":[7],"2":[1],"3":[3],"4":[1],"5":[2],"6":[5],"7":[1],"8":[4],"9":[2],"10":[1],"11":[10],"12":[6],"13":[5],"14":[7],"15":[4],"16":[1],"17":[2]},"fnMap":{"0":{"name":"<instance_members_initializer>","decl":{"start":{"line":1,"column":7},"end":{"line":87,"column":1}},"loc":{"start":{"line":1,"column":7},"end":{"line":87,"column":1}},"line":1},"1":{"name":"BookingBalancing","decl":{"start":{"line":2,"column":1},"end":{"line":4,"column":2}},"loc":{"start":{"line":2,"column":1},"end":{"line":4,"column":2}},"line":2},"2":{"name":"initializeBudgetAllocation","decl":{"start":{"line":7,"column":30},"end":{"line":23,"column":2}},"loc":{"start":{"line":7,"column":30},"end":{"line":23,"column":2}},"line":7},"3":{"name":"randomizeConsumption","decl":{"start":{"line":26,"column":25},"end":{"line":39,"column":2}},"loc":{"start":{"line":26,"column":25},"end":{"line":39,"column":2}},"line":26},"4":{"name":"rebalanceBudget","decl":{"start":{"line":42,"column":20},"end":{"line":86,"column":2}},"loc":{"start":{"line":42,"column":20},"end":{"line":86,"column":2}},"line":42}},"f":{"0":7,"1":7,"2":1,"3":1,"4":5}}
}
