TN:
SF:booking-balancing.js
FN:1,<instance_members_initializer>
FN:2,BookingBalancing
FN:7,initializeBudgetAllocation
FN:26,randomizeConsumption
FN:42,rebalanceBudget
FNF:5
FNH:5
FNDA:7,<instance_members_initializer>
FNDA:7,BookingBalancing
FNDA:1,initializeBudgetAllocation
FNDA:1,randomizeConsumption
FNDA:5,rebalanceBudget
DA:1,1
DA:2,7
DA:3,7
DA:4,7
DA:5,7
DA:6,7
DA:7,7
DA:8,1
DA:9,1
DA:10,1
DA:11,1
DA:12,3
DA:13,3
DA:14,3
DA:15,3
DA:16,3
DA:17,3
DA:18,3
DA:19,1
DA:20,1
DA:21,1
DA:22,1
DA:23,7
DA:24,7
DA:25,7
DA:26,7
DA:27,1
DA:28,2
DA:29,2
DA:30,2
DA:31,2
DA:32,2
DA:33,2
DA:34,2
DA:35,2
DA:36,1
DA:37,1
DA:38,1
DA:39,7
DA:40,7
DA:41,7
DA:42,7
DA:43,5
DA:44,5
DA:45,5
DA:46,10
DA:47,10
DA:48,5
DA:49,5
DA:50,5
DA:51,5
DA:52,5
DA:53,5
DA:54,5
DA:55,5
DA:56,1
DA:57,1
DA:58,1
DA:59,4
DA:60,4
DA:61,5
DA:62,2
DA:63,2
DA:64,2
DA:65,2
DA:66,2
DA:67,2
DA:68,2
DA:69,2
DA:70,5
DA:71,1
DA:72,1
DA:73,1
DA:74,1
DA:75,1
DA:76,1
DA:77,2
DA:78,2
DA:79,1
DA:80,1
DA:81,1
DA:82,1
DA:83,1
DA:84,1
DA:85,1
DA:86,7
DA:87,7
LF:87
LH:87
BRDA:1,0,0,7
BRDA:2,1,0,7
BRDA:7,2,0,1
BRDA:11,3,0,3
BRDA:26,4,0,1
BRDA:27,5,0,2
BRDA:42,6,0,5
BRDA:55,7,0,1
BRDA:58,8,0,4
BRDA:61,9,0,2
BRDA:70,10,0,1
BRDA:45,11,0,10
BRDA:55,12,0,6
BRDA:61,13,0,5
BRDA:61,14,0,7
BRDA:67,15,0,4
BRDA:71,16,0,1
BRDA:76,17,0,2
BRF:18
BRH:18
end_of_record
